<?xml version="1.0" encoding="UTF-8"?>
<testsuites tests="259" failures="0" disabled="0" errors="0" time="0.022" timestamp="2024-06-03T21:20:41.400" name="AllTests">
  <testsuite name="T0_11" tests="39" failures="0" disabled="0" skipped="0" errors="0" time="0.004" timestamp="2024-06-03T21:20:41.401">
    <testcase name="s1" status="run" result="completed" time="0" timestamp="2024-06-03T21:20:41.401" classname="T0_11" />
    <testcase name="s2" status="run" result="completed" time="0" timestamp="2024-06-03T21:20:41.403" classname="T0_11" />
    <testcase name="s3" status="run" result="completed" time="0" timestamp="2024-06-03T21:20:41.403" classname="T0_11" />
    <testcase name="s4" status="run" result="completed" time="0" timestamp="2024-06-03T21:20:41.403" classname="T0_11" />
    <testcase name="s5" status="run" result="completed" time="0" timestamp="2024-06-03T21:20:41.403" classname="T0_11" />
    <testcase name="s6" status="run" result="completed" time="0" timestamp="2024-06-03T21:20:41.403" classname="T0_11" />
    <testcase name="s7" status="run" result="completed" time="0" timestamp="2024-06-03T21:20:41.404" classname="T0_11" />
    <testcase name="s8" status="run" result="completed" time="0" timestamp="2024-06-03T21:20:41.404" classname="T0_11" />
    <testcase name="s9" status="run" result="completed" time="0" timestamp="2024-06-03T21:20:41.404" classname="T0_11" />
    <testcase name="s10" status="run" result="completed" time="0" timestamp="2024-06-03T21:20:41.404" classname="T0_11" />
    <testcase name="s11" status="run" result="completed" time="0" timestamp="2024-06-03T21:20:41.404" classname="T0_11" />
    <testcase name="s12" status="run" result="completed" time="0" timestamp="2024-06-03T21:20:41.404" classname="T0_11" />
    <testcase name="s13" status="run" result="completed" time="0" timestamp="2024-06-03T21:20:41.404" classname="T0_11" />
    <testcase name="s14" status="run" result="completed" time="0" timestamp="2024-06-03T21:20:41.404" classname="T0_11" />
    <testcase name="s15" status="run" result="completed" time="0" timestamp="2024-06-03T21:20:41.404" classname="T0_11" />
    <testcase name="s16" status="run" result="completed" time="0" timestamp="2024-06-03T21:20:41.404" classname="T0_11" />
    <testcase name="s17" status="run" result="completed" time="0" timestamp="2024-06-03T21:20:41.404" classname="T0_11" />
    <testcase name="s18" status="run" result="completed" time="0" timestamp="2024-06-03T21:20:41.404" classname="T0_11" />
    <testcase name="s19" status="run" result="completed" time="0" timestamp="2024-06-03T21:20:41.404" classname="T0_11" />
    <testcase name="s20" status="run" result="completed" time="0" timestamp="2024-06-03T21:20:41.404" classname="T0_11" />
    <testcase name="s21" status="run" result="completed" time="0" timestamp="2024-06-03T21:20:41.404" classname="T0_11" />
    <testcase name="s22" status="run" result="completed" time="0" timestamp="2024-06-03T21:20:41.405" classname="T0_11" />
    <testcase name="s23" status="run" result="completed" time="0" timestamp="2024-06-03T21:20:41.405" classname="T0_11" />
    <testcase name="s24" status="run" result="completed" time="0" timestamp="2024-06-03T21:20:41.405" classname="T0_11" />
    <testcase name="s25" status="run" result="completed" time="0" timestamp="2024-06-03T21:20:41.405" classname="T0_11" />
    <testcase name="s26" status="run" result="completed" time="0" timestamp="2024-06-03T21:20:41.405" classname="T0_11" />
    <testcase name="s27" status="run" result="completed" time="0" timestamp="2024-06-03T21:20:41.405" classname="T0_11" />
    <testcase name="s28" status="run" result="completed" time="0" timestamp="2024-06-03T21:20:41.405" classname="T0_11" />
    <testcase name="s29" status="run" result="completed" time="0" timestamp="2024-06-03T21:20:41.405" classname="T0_11" />
    <testcase name="s30" status="run" result="completed" time="0" timestamp="2024-06-03T21:20:41.405" classname="T0_11" />
    <testcase name="s31" status="run" result="completed" time="0" timestamp="2024-06-03T21:20:41.405" classname="T0_11" />
    <testcase name="s32" status="run" result="completed" time="0" timestamp="2024-06-03T21:20:41.405" classname="T0_11" />
    <testcase name="s33" status="run" result="completed" time="0" timestamp="2024-06-03T21:20:41.405" classname="T0_11" />
    <testcase name="s34" status="run" result="completed" time="0" timestamp="2024-06-03T21:20:41.405" classname="T0_11" />
    <testcase name="s35" status="run" result="completed" time="0" timestamp="2024-06-03T21:20:41.405" classname="T0_11" />
    <testcase name="s36" status="run" result="completed" time="0" timestamp="2024-06-03T21:20:41.405" classname="T0_11" />
    <testcase name="s37" status="run" result="completed" time="0" timestamp="2024-06-03T21:20:41.405" classname="T0_11" />
    <testcase name="s38" status="run" result="completed" time="0" timestamp="2024-06-03T21:20:41.405" classname="T0_11" />
    <testcase name="s39" status="run" result="completed" time="0" timestamp="2024-06-03T21:20:41.405" classname="T0_11" />
  </testsuite>
  <testsuite name="T0_12" tests="39" failures="0" disabled="0" skipped="0" errors="0" time="0.002" timestamp="2024-06-03T21:20:41.406">
    <testcase name="s1" status="run" result="completed" time="0" timestamp="2024-06-03T21:20:41.406" classname="T0_12" />
    <testcase name="s2" status="run" result="completed" time="0" timestamp="2024-06-03T21:20:41.406" classname="T0_12" />
    <testcase name="s3" status="run" result="completed" time="0" timestamp="2024-06-03T21:20:41.406" classname="T0_12" />
    <testcase name="s4" status="run" result="completed" time="0" timestamp="2024-06-03T21:20:41.406" classname="T0_12" />
    <testcase name="s5" status="run" result="completed" time="0" timestamp="2024-06-03T21:20:41.406" classname="T0_12" />
    <testcase name="s6" status="run" result="completed" time="0" timestamp="2024-06-03T21:20:41.406" classname="T0_12" />
    <testcase name="s7" status="run" result="completed" time="0" timestamp="2024-06-03T21:20:41.406" classname="T0_12" />
    <testcase name="s8" status="run" result="completed" time="0" timestamp="2024-06-03T21:20:41.406" classname="T0_12" />
    <testcase name="s9" status="run" result="completed" time="0" timestamp="2024-06-03T21:20:41.406" classname="T0_12" />
    <testcase name="s10" status="run" result="completed" time="0" timestamp="2024-06-03T21:20:41.406" classname="T0_12" />
    <testcase name="s11" status="run" result="completed" time="0" timestamp="2024-06-03T21:20:41.406" classname="T0_12" />
    <testcase name="s12" status="run" result="completed" time="0" timestamp="2024-06-03T21:20:41.406" classname="T0_12" />
    <testcase name="s13" status="run" result="completed" time="0" timestamp="2024-06-03T21:20:41.406" classname="T0_12" />
    <testcase name="s14" status="run" result="completed" time="0" timestamp="2024-06-03T21:20:41.406" classname="T0_12" />
    <testcase name="s15" status="run" result="completed" time="0" timestamp="2024-06-03T21:20:41.406" classname="T0_12" />
    <testcase name="s16" status="run" result="completed" time="0" timestamp="2024-06-03T21:20:41.406" classname="T0_12" />
    <testcase name="s17" status="run" result="completed" time="0" timestamp="2024-06-03T21:20:41.406" classname="T0_12" />
    <testcase name="s18" status="run" result="completed" time="0" timestamp="2024-06-03T21:20:41.407" classname="T0_12" />
    <testcase name="s19" status="run" result="completed" time="0" timestamp="2024-06-03T21:20:41.407" classname="T0_12" />
    <testcase name="s20" status="run" result="completed" time="0" timestamp="2024-06-03T21:20:41.407" classname="T0_12" />
    <testcase name="s21" status="run" result="completed" time="0" timestamp="2024-06-03T21:20:41.407" classname="T0_12" />
    <testcase name="s22" status="run" result="completed" time="0" timestamp="2024-06-03T21:20:41.407" classname="T0_12" />
    <testcase name="s23" status="run" result="completed" time="0" timestamp="2024-06-03T21:20:41.407" classname="T0_12" />
    <testcase name="s24" status="run" result="completed" time="0" timestamp="2024-06-03T21:20:41.407" classname="T0_12" />
    <testcase name="s25" status="run" result="completed" time="0" timestamp="2024-06-03T21:20:41.407" classname="T0_12" />
    <testcase name="s26" status="run" result="completed" time="0" timestamp="2024-06-03T21:20:41.407" classname="T0_12" />
    <testcase name="s27" status="run" result="completed" time="0" timestamp="2024-06-03T21:20:41.407" classname="T0_12" />
    <testcase name="s28" status="run" result="completed" time="0" timestamp="2024-06-03T21:20:41.407" classname="T0_12" />
    <testcase name="s29" status="run" result="completed" time="0" timestamp="2024-06-03T21:20:41.407" classname="T0_12" />
    <testcase name="s30" status="run" result="completed" time="0" timestamp="2024-06-03T21:20:41.407" classname="T0_12" />
    <testcase name="s31" status="run" result="completed" time="0" timestamp="2024-06-03T21:20:41.407" classname="T0_12" />
    <testcase name="s32" status="run" result="completed" time="0" timestamp="2024-06-03T21:20:41.407" classname="T0_12" />
    <testcase name="s33" status="run" result="completed" time="0" timestamp="2024-06-03T21:20:41.407" classname="T0_12" />
    <testcase name="s34" status="run" result="completed" time="0" timestamp="2024-06-03T21:20:41.407" classname="T0_12" />
    <testcase name="s35" status="run" result="completed" time="0" timestamp="2024-06-03T21:20:41.408" classname="T0_12" />
    <testcase name="s36" status="run" result="completed" time="0" timestamp="2024-06-03T21:20:41.408" classname="T0_12" />
    <testcase name="s37" status="run" result="completed" time="0" timestamp="2024-06-03T21:20:41.408" classname="T0_12" />
    <testcase name="s38" status="run" result="completed" time="0" timestamp="2024-06-03T21:20:41.408" classname="T0_12" />
    <testcase name="s39" status="run" result="completed" time="0" timestamp="2024-06-03T21:20:41.408" classname="T0_12" />
  </testsuite>
  <testsuite name="T11_0" tests="33" failures="0" disabled="0" skipped="0" errors="0" time="0.001" timestamp="2024-06-03T21:20:41.408">
    <testcase name="s1" status="run" result="completed" time="0" timestamp="2024-06-03T21:20:41.408" classname="T11_0" />
    <testcase name="s2" status="run" result="completed" time="0" timestamp="2024-06-03T21:20:41.408" classname="T11_0" />
    <testcase name="s3" status="run" result="completed" time="0" timestamp="2024-06-03T21:20:41.408" classname="T11_0" />
    <testcase name="s4" status="run" result="completed" time="0" timestamp="2024-06-03T21:20:41.408" classname="T11_0" />
    <testcase name="s5" status="run" result="completed" time="0" timestamp="2024-06-03T21:20:41.408" classname="T11_0" />
    <testcase name="s6" status="run" result="completed" time="0" timestamp="2024-06-03T21:20:41.408" classname="T11_0" />
    <testcase name="s7" status="run" result="completed" time="0" timestamp="2024-06-03T21:20:41.408" classname="T11_0" />
    <testcase name="s8" status="run" result="completed" time="0" timestamp="2024-06-03T21:20:41.408" classname="T11_0" />
    <testcase name="s9" status="run" result="completed" time="0" timestamp="2024-06-03T21:20:41.408" classname="T11_0" />
    <testcase name="s10" status="run" result="completed" time="0" timestamp="2024-06-03T21:20:41.408" classname="T11_0" />
    <testcase name="s11" status="run" result="completed" time="0" timestamp="2024-06-03T21:20:41.408" classname="T11_0" />
    <testcase name="s12" status="run" result="completed" time="0" timestamp="2024-06-03T21:20:41.408" classname="T11_0" />
    <testcase name="s13" status="run" result="completed" time="0" timestamp="2024-06-03T21:20:41.409" classname="T11_0" />
    <testcase name="s14" status="run" result="completed" time="0" timestamp="2024-06-03T21:20:41.409" classname="T11_0" />
    <testcase name="s15" status="run" result="completed" time="0" timestamp="2024-06-03T21:20:41.409" classname="T11_0" />
    <testcase name="s16" status="run" result="completed" time="0" timestamp="2024-06-03T21:20:41.409" classname="T11_0" />
    <testcase name="s17" status="run" result="completed" time="0" timestamp="2024-06-03T21:20:41.409" classname="T11_0" />
    <testcase name="s18" status="run" result="completed" time="0" timestamp="2024-06-03T21:20:41.409" classname="T11_0" />
    <testcase name="s19" status="run" result="completed" time="0" timestamp="2024-06-03T21:20:41.409" classname="T11_0" />
    <testcase name="s20" status="run" result="completed" time="0" timestamp="2024-06-03T21:20:41.409" classname="T11_0" />
    <testcase name="s21" status="run" result="completed" time="0" timestamp="2024-06-03T21:20:41.409" classname="T11_0" />
    <testcase name="s22" status="run" result="completed" time="0" timestamp="2024-06-03T21:20:41.409" classname="T11_0" />
    <testcase name="s23" status="run" result="completed" time="0" timestamp="2024-06-03T21:20:41.409" classname="T11_0" />
    <testcase name="s24" status="run" result="completed" time="0" timestamp="2024-06-03T21:20:41.409" classname="T11_0" />
    <testcase name="s25" status="run" result="completed" time="0" timestamp="2024-06-03T21:20:41.409" classname="T11_0" />
    <testcase name="s26" status="run" result="completed" time="0" timestamp="2024-06-03T21:20:41.409" classname="T11_0" />
    <testcase name="s27" status="run" result="completed" time="0" timestamp="2024-06-03T21:20:41.409" classname="T11_0" />
    <testcase name="s28" status="run" result="completed" time="0" timestamp="2024-06-03T21:20:41.409" classname="T11_0" />
    <testcase name="s29" status="run" result="completed" time="0" timestamp="2024-06-03T21:20:41.409" classname="T11_0" />
    <testcase name="s30" status="run" result="completed" time="0" timestamp="2024-06-03T21:20:41.409" classname="T11_0" />
    <testcase name="s31" status="run" result="completed" time="0" timestamp="2024-06-03T21:20:41.409" classname="T11_0" />
    <testcase name="s32" status="run" result="completed" time="0" timestamp="2024-06-03T21:20:41.409" classname="T11_0" />
    <testcase name="s33" status="run" result="completed" time="0" timestamp="2024-06-03T21:20:41.410" classname="T11_0" />
  </testsuite>
  <testsuite name="T12_0" tests="32" failures="0" disabled="0" skipped="0" errors="0" time="0.001" timestamp="2024-06-03T21:20:41.410">
    <testcase name="s1" status="run" result="completed" time="0" timestamp="2024-06-03T21:20:41.410" classname="T12_0" />
    <testcase name="s2" status="run" result="completed" time="0" timestamp="2024-06-03T21:20:41.410" classname="T12_0" />
    <testcase name="s3" status="run" result="completed" time="0" timestamp="2024-06-03T21:20:41.410" classname="T12_0" />
    <testcase name="s4" status="run" result="completed" time="0" timestamp="2024-06-03T21:20:41.410" classname="T12_0" />
    <testcase name="s5" status="run" result="completed" time="0" timestamp="2024-06-03T21:20:41.410" classname="T12_0" />
    <testcase name="s6" status="run" result="completed" time="0" timestamp="2024-06-03T21:20:41.410" classname="T12_0" />
    <testcase name="s7" status="run" result="completed" time="0" timestamp="2024-06-03T21:20:41.410" classname="T12_0" />
    <testcase name="s8" status="run" result="completed" time="0" timestamp="2024-06-03T21:20:41.410" classname="T12_0" />
    <testcase name="s9" status="run" result="completed" time="0" timestamp="2024-06-03T21:20:41.410" classname="T12_0" />
    <testcase name="s10" status="run" result="completed" time="0" timestamp="2024-06-03T21:20:41.410" classname="T12_0" />
    <testcase name="s11" status="run" result="completed" time="0" timestamp="2024-06-03T21:20:41.410" classname="T12_0" />
    <testcase name="s12" status="run" result="completed" time="0" timestamp="2024-06-03T21:20:41.410" classname="T12_0" />
    <testcase name="s13" status="run" result="completed" time="0" timestamp="2024-06-03T21:20:41.410" classname="T12_0" />
    <testcase name="s14" status="run" result="completed" time="0" timestamp="2024-06-03T21:20:41.410" classname="T12_0" />
    <testcase name="s15" status="run" result="completed" time="0" timestamp="2024-06-03T21:20:41.410" classname="T12_0" />
    <testcase name="s16" status="run" result="completed" time="0" timestamp="2024-06-03T21:20:41.410" classname="T12_0" />
    <testcase name="s17" status="run" result="completed" time="0" timestamp="2024-06-03T21:20:41.410" classname="T12_0" />
    <testcase name="s18" status="run" result="completed" time="0" timestamp="2024-06-03T21:20:41.410" classname="T12_0" />
    <testcase name="s19" status="run" result="completed" time="0" timestamp="2024-06-03T21:20:41.410" classname="T12_0" />
    <testcase name="s20" status="run" result="completed" time="0" timestamp="2024-06-03T21:20:41.410" classname="T12_0" />
    <testcase name="s21" status="run" result="completed" time="0" timestamp="2024-06-03T21:20:41.410" classname="T12_0" />
    <testcase name="s22" status="run" result="completed" time="0" timestamp="2024-06-03T21:20:41.411" classname="T12_0" />
    <testcase name="s23" status="run" result="completed" time="0" timestamp="2024-06-03T21:20:41.411" classname="T12_0" />
    <testcase name="s24" status="run" result="completed" time="0" timestamp="2024-06-03T21:20:41.411" classname="T12_0" />
    <testcase name="s25" status="run" result="completed" time="0" timestamp="2024-06-03T21:20:41.411" classname="T12_0" />
    <testcase name="s26" status="run" result="completed" time="0" timestamp="2024-06-03T21:20:41.411" classname="T12_0" />
    <testcase name="s27" status="run" result="completed" time="0" timestamp="2024-06-03T21:20:41.411" classname="T12_0" />
    <testcase name="s28" status="run" result="completed" time="0" timestamp="2024-06-03T21:20:41.411" classname="T12_0" />
    <testcase name="s29" status="run" result="completed" time="0" timestamp="2024-06-03T21:20:41.411" classname="T12_0" />
    <testcase name="s30" status="run" result="completed" time="0" timestamp="2024-06-03T21:20:41.411" classname="T12_0" />
    <testcase name="s31" status="run" result="completed" time="0" timestamp="2024-06-03T21:20:41.411" classname="T12_0" />
    <testcase name="s32" status="run" result="completed" time="0" timestamp="2024-06-03T21:20:41.411" classname="T12_0" />
  </testsuite>
  <testsuite name="T31_0" tests="25" failures="0" disabled="0" skipped="0" errors="0" time="0.009" timestamp="2024-06-03T21:20:41.411">
    <testcase name="s1" status="run" result="completed" time="0" timestamp="2024-06-03T21:20:41.411" classname="T31_0" />
    <testcase name="s2" status="run" result="completed" time="0" timestamp="2024-06-03T21:20:41.411" classname="T31_0" />
    <testcase name="s3" status="run" result="completed" time="0" timestamp="2024-06-03T21:20:41.411" classname="T31_0" />
    <testcase name="s4" status="run" result="completed" time="0" timestamp="2024-06-03T21:20:41.411" classname="T31_0" />
    <testcase name="s5" status="run" result="completed" time="0" timestamp="2024-06-03T21:20:41.420" classname="T31_0" />
    <testcase name="s6" status="run" result="completed" time="0" timestamp="2024-06-03T21:20:41.420" classname="T31_0" />
    <testcase name="s7" status="run" result="completed" time="0" timestamp="2024-06-03T21:20:41.420" classname="T31_0" />
    <testcase name="s8" status="run" result="completed" time="0" timestamp="2024-06-03T21:20:41.420" classname="T31_0" />
    <testcase name="s9" status="run" result="completed" time="0" timestamp="2024-06-03T21:20:41.420" classname="T31_0" />
    <testcase name="s10" status="run" result="completed" time="0" timestamp="2024-06-03T21:20:41.420" classname="T31_0" />
    <testcase name="s11" status="run" result="completed" time="0" timestamp="2024-06-03T21:20:41.420" classname="T31_0" />
    <testcase name="s12" status="run" result="completed" time="0" timestamp="2024-06-03T21:20:41.420" classname="T31_0" />
    <testcase name="s13" status="run" result="completed" time="0" timestamp="2024-06-03T21:20:41.420" classname="T31_0" />
    <testcase name="s14" status="run" result="completed" time="0" timestamp="2024-06-03T21:20:41.420" classname="T31_0" />
    <testcase name="s15" status="run" result="completed" time="0" timestamp="2024-06-03T21:20:41.420" classname="T31_0" />
    <testcase name="s16" status="run" result="completed" time="0" timestamp="2024-06-03T21:20:41.420" classname="T31_0" />
    <testcase name="s17" status="run" result="completed" time="0" timestamp="2024-06-03T21:20:41.420" classname="T31_0" />
    <testcase name="s18" status="run" result="completed" time="0" timestamp="2024-06-03T21:20:41.420" classname="T31_0" />
    <testcase name="s19" status="run" result="completed" time="0" timestamp="2024-06-03T21:20:41.420" classname="T31_0" />
    <testcase name="s20" status="run" result="completed" time="0" timestamp="2024-06-03T21:20:41.420" classname="T31_0" />
    <testcase name="s21" status="run" result="completed" time="0" timestamp="2024-06-03T21:20:41.421" classname="T31_0" />
    <testcase name="s22" status="run" result="completed" time="0" timestamp="2024-06-03T21:20:41.421" classname="T31_0" />
    <testcase name="s23" status="run" result="completed" time="0" timestamp="2024-06-03T21:20:41.421" classname="T31_0" />
    <testcase name="s24" status="run" result="completed" time="0" timestamp="2024-06-03T21:20:41.421" classname="T31_0" />
    <testcase name="s25" status="run" result="completed" time="0" timestamp="2024-06-03T21:20:41.421" classname="T31_0" />
  </testsuite>
  <testsuite name="T32_0" tests="33" failures="0" disabled="0" skipped="0" errors="0" time="0" timestamp="2024-06-03T21:20:41.421">
    <testcase name="s1" status="run" result="completed" time="0" timestamp="2024-06-03T21:20:41.421" classname="T32_0" />
    <testcase name="s2" status="run" result="completed" time="0" timestamp="2024-06-03T21:20:41.421" classname="T32_0" />
    <testcase name="s3" status="run" result="completed" time="0" timestamp="2024-06-03T21:20:41.421" classname="T32_0" />
    <testcase name="s4" status="run" result="completed" time="0" timestamp="2024-06-03T21:20:41.421" classname="T32_0" />
    <testcase name="s5" status="run" result="completed" time="0" timestamp="2024-06-03T21:20:41.421" classname="T32_0" />
    <testcase name="s6" status="run" result="completed" time="0" timestamp="2024-06-03T21:20:41.421" classname="T32_0" />
    <testcase name="s7" status="run" result="completed" time="0" timestamp="2024-06-03T21:20:41.421" classname="T32_0" />
    <testcase name="s8" status="run" result="completed" time="0" timestamp="2024-06-03T21:20:41.421" classname="T32_0" />
    <testcase name="s9" status="run" result="completed" time="0" timestamp="2024-06-03T21:20:41.421" classname="T32_0" />
    <testcase name="s10" status="run" result="completed" time="0" timestamp="2024-06-03T21:20:41.421" classname="T32_0" />
    <testcase name="s11" status="run" result="completed" time="0" timestamp="2024-06-03T21:20:41.421" classname="T32_0" />
    <testcase name="s12" status="run" result="completed" time="0" timestamp="2024-06-03T21:20:41.421" classname="T32_0" />
    <testcase name="s13" status="run" result="completed" time="0" timestamp="2024-06-03T21:20:41.421" classname="T32_0" />
    <testcase name="s14" status="run" result="completed" time="0" timestamp="2024-06-03T21:20:41.421" classname="T32_0" />
    <testcase name="s15" status="run" result="completed" time="0" timestamp="2024-06-03T21:20:41.421" classname="T32_0" />
    <testcase name="s16" status="run" result="completed" time="0" timestamp="2024-06-03T21:20:41.421" classname="T32_0" />
    <testcase name="s17" status="run" result="completed" time="0" timestamp="2024-06-03T21:20:41.421" classname="T32_0" />
    <testcase name="s18" status="run" result="completed" time="0" timestamp="2024-06-03T21:20:41.421" classname="T32_0" />
    <testcase name="s19" status="run" result="completed" time="0" timestamp="2024-06-03T21:20:41.421" classname="T32_0" />
    <testcase name="s20" status="run" result="completed" time="0" timestamp="2024-06-03T21:20:41.421" classname="T32_0" />
    <testcase name="s21" status="run" result="completed" time="0" timestamp="2024-06-03T21:20:41.421" classname="T32_0" />
    <testcase name="s22" status="run" result="completed" time="0" timestamp="2024-06-03T21:20:41.421" classname="T32_0" />
    <testcase name="s23" status="run" result="completed" time="0" timestamp="2024-06-03T21:20:41.421" classname="T32_0" />
    <testcase name="s24" status="run" result="completed" time="0" timestamp="2024-06-03T21:20:41.421" classname="T32_0" />
    <testcase name="s25" status="run" result="completed" time="0" timestamp="2024-06-03T21:20:41.421" classname="T32_0" />
    <testcase name="s26" status="run" result="completed" time="0" timestamp="2024-06-03T21:20:41.422" classname="T32_0" />
    <testcase name="s27" status="run" result="completed" time="0" timestamp="2024-06-03T21:20:41.422" classname="T32_0" />
    <testcase name="s28" status="run" result="completed" time="0" timestamp="2024-06-03T21:20:41.422" classname="T32_0" />
    <testcase name="s29" status="run" result="completed" time="0" timestamp="2024-06-03T21:20:41.422" classname="T32_0" />
    <testcase name="s30" status="run" result="completed" time="0" timestamp="2024-06-03T21:20:41.422" classname="T32_0" />
    <testcase name="s31" status="run" result="completed" time="0" timestamp="2024-06-03T21:20:41.422" classname="T32_0" />
    <testcase name="s32" status="run" result="completed" time="0" timestamp="2024-06-03T21:20:41.422" classname="T32_0" />
    <testcase name="s33" status="run" result="completed" time="0" timestamp="2024-06-03T21:20:41.422" classname="T32_0" />
  </testsuite>
  <testsuite name="T4_0" tests="11" failures="0" disabled="0" skipped="0" errors="0" time="0" timestamp="2024-06-03T21:20:41.422">
    <testcase name="s1" status="run" result="completed" time="0" timestamp="2024-06-03T21:20:41.422" classname="T4_0" />
    <testcase name="s2" status="run" result="completed" time="0" timestamp="2024-06-03T21:20:41.422" classname="T4_0" />
    <testcase name="s3" status="run" result="completed" time="0" timestamp="2024-06-03T21:20:41.422" classname="T4_0" />
    <testcase name="s4" status="run" result="completed" time="0" timestamp="2024-06-03T21:20:41.422" classname="T4_0" />
    <testcase name="s5" status="run" result="completed" time="0" timestamp="2024-06-03T21:20:41.422" classname="T4_0" />
    <testcase name="s6" status="run" result="completed" time="0" timestamp="2024-06-03T21:20:41.422" classname="T4_0" />
    <testcase name="s7" status="run" result="completed" time="0" timestamp="2024-06-03T21:20:41.422" classname="T4_0" />
    <testcase name="s8" status="run" result="completed" time="0" timestamp="2024-06-03T21:20:41.422" classname="T4_0" />
    <testcase name="s9" status="run" result="completed" time="0" timestamp="2024-06-03T21:20:41.422" classname="T4_0" />
    <testcase name="s10" status="run" result="completed" time="0" timestamp="2024-06-03T21:20:41.422" classname="T4_0" />
    <testcase name="s11" status="run" result="completed" time="0" timestamp="2024-06-03T21:20:41.422" classname="T4_0" />
  </testsuite>
  <testsuite name="T0_32" tests="37" failures="0" disabled="0" skipped="0" errors="0" time="0" timestamp="2024-06-03T21:20:41.422">
    <testcase name="s1" status="run" result="completed" time="0" timestamp="2024-06-03T21:20:41.422" classname="T0_32" />
    <testcase name="s2" status="run" result="completed" time="0" timestamp="2024-06-03T21:20:41.422" classname="T0_32" />
    <testcase name="s3" status="run" result="completed" time="0" timestamp="2024-06-03T21:20:41.422" classname="T0_32" />
    <testcase name="s4" status="run" result="completed" time="0" timestamp="2024-06-03T21:20:41.422" classname="T0_32" />
    <testcase name="s5" status="run" result="completed" time="0" timestamp="2024-06-03T21:20:41.422" classname="T0_32" />
    <testcase name="s6" status="run" result="completed" time="0" timestamp="2024-06-03T21:20:41.422" classname="T0_32" />
    <testcase name="s7" status="run" result="completed" time="0" timestamp="2024-06-03T21:20:41.422" classname="T0_32" />
    <testcase name="s8" status="run" result="completed" time="0" timestamp="2024-06-03T21:20:41.422" classname="T0_32" />
    <testcase name="s9" status="run" result="completed" time="0" timestamp="2024-06-03T21:20:41.422" classname="T0_32" />
    <testcase name="s10" status="run" result="completed" time="0" timestamp="2024-06-03T21:20:41.422" classname="T0_32" />
    <testcase name="s11" status="run" result="completed" time="0" timestamp="2024-06-03T21:20:41.422" classname="T0_32" />
    <testcase name="s12" status="run" result="completed" time="0" timestamp="2024-06-03T21:20:41.422" classname="T0_32" />
    <testcase name="s13" status="run" result="completed" time="0" timestamp="2024-06-03T21:20:41.422" classname="T0_32" />
    <testcase name="s14" status="run" result="completed" time="0" timestamp="2024-06-03T21:20:41.422" classname="T0_32" />
    <testcase name="s15" status="run" result="completed" time="0" timestamp="2024-06-03T21:20:41.422" classname="T0_32" />
    <testcase name="s16" status="run" result="completed" time="0" timestamp="2024-06-03T21:20:41.422" classname="T0_32" />
    <testcase name="s17" status="run" result="completed" time="0" timestamp="2024-06-03T21:20:41.422" classname="T0_32" />
    <testcase name="s18" status="run" result="completed" time="0" timestamp="2024-06-03T21:20:41.422" classname="T0_32" />
    <testcase name="s19" status="run" result="completed" time="0" timestamp="2024-06-03T21:20:41.422" classname="T0_32" />
    <testcase name="s20" status="run" result="completed" time="0" timestamp="2024-06-03T21:20:41.422" classname="T0_32" />
    <testcase name="s21" status="run" result="completed" time="0" timestamp="2024-06-03T21:20:41.422" classname="T0_32" />
    <testcase name="s22" status="run" result="completed" time="0" timestamp="2024-06-03T21:20:41.422" classname="T0_32" />
    <testcase name="s23" status="run" result="completed" time="0" timestamp="2024-06-03T21:20:41.422" classname="T0_32" />
    <testcase name="s24" status="run" result="completed" time="0" timestamp="2024-06-03T21:20:41.422" classname="T0_32" />
    <testcase name="s25" status="run" result="completed" time="0" timestamp="2024-06-03T21:20:41.422" classname="T0_32" />
    <testcase name="s26" status="run" result="completed" time="0" timestamp="2024-06-03T21:20:41.422" classname="T0_32" />
    <testcase name="s27" status="run" result="completed" time="0" timestamp="2024-06-03T21:20:41.422" classname="T0_32" />
    <testcase name="s28" status="run" result="completed" time="0" timestamp="2024-06-03T21:20:41.422" classname="T0_32" />
    <testcase name="s29" status="run" result="completed" time="0" timestamp="2024-06-03T21:20:41.422" classname="T0_32" />
    <testcase name="s30" status="run" result="completed" time="0" timestamp="2024-06-03T21:20:41.422" classname="T0_32" />
    <testcase name="s31" status="run" result="completed" time="0" timestamp="2024-06-03T21:20:41.422" classname="T0_32" />
    <testcase name="s32" status="run" result="completed" time="0" timestamp="2024-06-03T21:20:41.422" classname="T0_32" />
    <testcase name="s33" status="run" result="completed" time="0" timestamp="2024-06-03T21:20:41.422" classname="T0_32" />
    <testcase name="s34" status="run" result="completed" time="0" timestamp="2024-06-03T21:20:41.422" classname="T0_32" />
    <testcase name="s35" status="run" result="completed" time="0" timestamp="2024-06-03T21:20:41.422" classname="T0_32" />
    <testcase name="s36" status="run" result="completed" time="0" timestamp="2024-06-03T21:20:41.422" classname="T0_32" />
    <testcase name="s37" status="run" result="completed" time="0" timestamp="2024-06-03T21:20:41.422" classname="T0_32" />
  </testsuite>
  <testsuite name="T11_32" tests="3" failures="0" disabled="0" skipped="0" errors="0" time="0" timestamp="2024-06-03T21:20:41.422">
    <testcase name="s1" status="run" result="completed" time="0" timestamp="2024-06-03T21:20:41.422" classname="T11_32" />
    <testcase name="s2" status="run" result="completed" time="0" timestamp="2024-06-03T21:20:41.422" classname="T11_32" />
    <testcase name="s3" status="run" result="completed" time="0" timestamp="2024-06-03T21:20:41.422" classname="T11_32" />
  </testsuite>
  <testsuite name="T11_4" tests="2" failures="0" disabled="0" skipped="0" errors="0" time="0" timestamp="2024-06-03T21:20:41.423">
    <testcase name="s1" status="run" result="completed" time="0" timestamp="2024-06-03T21:20:41.423" classname="T11_4" />
    <testcase name="s2" status="run" result="completed" time="0" timestamp="2024-06-03T21:20:41.423" classname="T11_4" />
  </testsuite>
  <testsuite name="T12_31" tests="3" failures="0" disabled="0" skipped="0" errors="0" time="0" timestamp="2024-06-03T21:20:41.423">
    <testcase name="s1" status="run" result="completed" time="0" timestamp="2024-06-03T21:20:41.423" classname="T12_31" />
    <testcase name="s2" status="run" result="completed" time="0" timestamp="2024-06-03T21:20:41.423" classname="T12_31" />
    <testcase name="s3" status="run" result="completed" time="0" timestamp="2024-06-03T21:20:41.423" classname="T12_31" />
  </testsuite>
  <testsuite name="T12_4" tests="2" failures="0" disabled="0" skipped="0" errors="0" time="0" timestamp="2024-06-03T21:20:41.423">
    <testcase name="s1" status="run" result="completed" time="0" timestamp="2024-06-03T21:20:41.423" classname="T12_4" />
    <testcase name="s2" status="run" result="completed" time="0" timestamp="2024-06-03T21:20:41.423" classname="T12_4" />
  </testsuite>
</testsuites>
